d:\github\metalslugportfolio\metalslug\debug\vc142.pdb
d:\github\metalslugportfolio\metalslug\debug\vc142.idb
d:\github\metalslugportfolio\metalslug\debug\menu.obj
d:\github\metalslugportfolio\metalslug\debug\mainfrm.obj
d:\github\metalslugportfolio\metalslug\debug\itemgun.obj
d:\github\metalslugportfolio\metalslug\debug\itembomb.obj
d:\github\metalslugportfolio\metalslug\debug\item.obj
d:\github\metalslugportfolio\metalslug\debug\intro.obj
d:\github\metalslugportfolio\metalslug\debug\inputmanager.obj
d:\github\metalslugportfolio\metalslug\debug\helper.obj
d:\github\metalslugportfolio\metalslug\debug\generalfunction.obj
d:\github\metalslugportfolio\metalslug\debug\game.obj
d:\github\metalslugportfolio\metalslug\debug\firstround.obj
d:\github\metalslugportfolio\metalslug\debug\effect.obj
d:\github\metalslugportfolio\metalslug\debug\objmanager.obj
d:\github\metalslugportfolio\metalslug\debug\charactorselect.obj
d:\github\metalslugportfolio\metalslug\debug\bullet.obj
d:\github\metalslugportfolio\metalslug\debug\bosstomb.obj
d:\github\metalslugportfolio\metalslug\debug\bossspaceship.obj
d:\github\metalslugportfolio\metalslug\debug\bosset.obj
d:\github\metalslugportfolio\metalslug\debug\bossstage.obj
d:\github\metalslugportfolio\metalslug\debug\background.obj
d:\github\metalslugportfolio\metalslug\debug\ui.obj
d:\github\metalslugportfolio\metalslug\debug\secondround.obj
d:\github\metalslugportfolio\metalslug\debug\score.obj
d:\github\metalslugportfolio\metalslug\debug\scene.obj
d:\github\metalslugportfolio\metalslug\debug\playerzombie.obj
d:\github\metalslugportfolio\metalslug\debug\playernormal.obj
d:\github\metalslugportfolio\metalslug\debug\player.obj
d:\github\metalslugportfolio\metalslug\debug\objectimage.obj
d:\github\metalslugportfolio\metalslug\debug\object.obj
d:\github\metalslugportfolio\metalslug\debug\monsterzombiewm.obj
d:\github\metalslugportfolio\metalslug\debug\monsterzombiesordier.obj
d:\github\metalslugportfolio\metalslug\debug\monsterzombieman.obj
d:\github\metalslugportfolio\metalslug\debug\monsterzombiebig.obj
d:\github\metalslugportfolio\metalslug\debug\monsterboss.obj
d:\github\metalslugportfolio\metalslug\debug\monster.obj
d:\github\metalslugportfolio\metalslug\debug\metalslug.obj
d:\github\metalslugportfolio\metalslug\debug\metalslug.res
d:\github\metalslugportfolio\debug\metalslug.pdb
d:\github\metalslugportfolio\metalslug\debug\metalslug.tlog\cl.command.1.tlog
d:\github\metalslugportfolio\metalslug\debug\metalslug.tlog\cl.read.1.tlog
d:\github\metalslugportfolio\metalslug\debug\metalslug.tlog\cl.write.1.tlog
d:\github\metalslugportfolio\metalslug\debug\metalslug.tlog\link-cvtres.read.1.tlog
d:\github\metalslugportfolio\metalslug\debug\metalslug.tlog\link-cvtres.write.1.tlog
d:\github\metalslugportfolio\metalslug\debug\metalslug.tlog\link-rc.read.1.tlog
d:\github\metalslugportfolio\metalslug\debug\metalslug.tlog\link-rc.write.1.tlog
d:\github\metalslugportfolio\metalslug\debug\metalslug.tlog\link.23588-cvtres.read.1.tlog
d:\github\metalslugportfolio\metalslug\debug\metalslug.tlog\link.23588-cvtres.write.1.tlog
d:\github\metalslugportfolio\metalslug\debug\metalslug.tlog\link.23588-rc.read.1.tlog
d:\github\metalslugportfolio\metalslug\debug\metalslug.tlog\link.23588-rc.write.1.tlog
d:\github\metalslugportfolio\metalslug\debug\metalslug.tlog\link.23588.read.1.tlog
d:\github\metalslugportfolio\metalslug\debug\metalslug.tlog\link.23588.write.1.tlog
d:\github\metalslugportfolio\metalslug\debug\metalslug.tlog\link.command.1.tlog
d:\github\metalslugportfolio\metalslug\debug\metalslug.tlog\link.read.1.tlog
d:\github\metalslugportfolio\metalslug\debug\metalslug.tlog\link.write.1.tlog
d:\github\metalslugportfolio\metalslug\debug\metalslug.tlog\rc.command.1.tlog
d:\github\metalslugportfolio\metalslug\debug\metalslug.tlog\rc.read.1.tlog
d:\github\metalslugportfolio\metalslug\debug\metalslug.tlog\rc.write.1.tlog
