  Background.cpp
D:\Private\Git\metalslug\metalslugportfolio\metalslug\Background.cpp(95,23): warning C4018: '<': signed 또는 unsigned가 일치하지 않습니다.
D:\Private\Git\metalslug\metalslugportfolio\metalslug\Background.cpp(97,27): warning C4018: '<': signed 또는 unsigned가 일치하지 않습니다.
  BossET.cpp
  BossSpaceship.cpp
  BossStage.cpp
  BossTomb.cpp
  Bullet.cpp
D:\Private\Git\metalslug\metalslugportfolio\metalslug\Bullet.cpp(21,16): warning C4305: '=': 'double'에서 'float'(으)로 잘립니다.
D:\Private\Git\metalslug\metalslugportfolio\metalslug\Bullet.cpp(117,20): warning C4018: '<': signed 또는 unsigned가 일치하지 않습니다.
  CharactorSelect.cpp
  Effect.cpp
  Game.cpp
  Helper.cpp
  InputManager.cpp
  Intro.cpp
  Item.cpp
  ItemBomb.cpp
  ItemGun.cpp
  Mainfrm.cpp
  Menu.cpp
  Monster.cpp
  MonsterBoss.cpp
  MonsterZombieBig.cpp
  코드를 생성하고 있습니다...
  컴파일하고 있습니다...
  MonsterZombieMan.cpp
  MonsterZombieSordier.cpp
  MonsterZombieWm.cpp
  ObjManager.cpp
D:\Private\Git\metalslug\metalslugportfolio\metalslug\ObjManager.cpp(58,22): warning C4018: '<': signed 또는 unsigned가 일치하지 않습니다.
D:\Private\Git\metalslug\metalslugportfolio\metalslug\ObjManager.cpp(99,22): warning C4018: '<': signed 또는 unsigned가 일치하지 않습니다.
D:\Private\Git\metalslug\metalslugportfolio\metalslug\ObjManager.cpp(161,22): warning C4018: '<': signed 또는 unsigned가 일치하지 않습니다.
D:\Private\Git\metalslug\metalslugportfolio\metalslug\ObjManager.cpp(228,20): warning C4018: '<': signed 또는 unsigned가 일치하지 않습니다.
D:\Private\Git\metalslug\metalslugportfolio\metalslug\ObjManager.cpp(234,21): warning C4018: '<': signed 또는 unsigned가 일치하지 않습니다.
D:\Private\Git\metalslug\metalslugportfolio\metalslug\ObjManager.cpp(249,70): warning C4805: '==': 연산에 'BOOL' 형식과 'bool' 형식을 함께 사용하는 것은 안전하지 않습니다.
D:\Private\Git\metalslug\metalslugportfolio\metalslug\ObjManager.cpp(299,20): warning C4018: '<': signed 또는 unsigned가 일치하지 않습니다.
D:\Private\Git\metalslug\metalslugportfolio\metalslug\ObjManager.cpp(328,21): warning C4018: '<': signed 또는 unsigned가 일치하지 않습니다.
D:\Private\Git\metalslug\metalslugportfolio\metalslug\ObjManager.cpp(333,65): warning C4805: '==': 연산에 'BOOL' 형식과 'bool' 형식을 함께 사용하는 것은 안전하지 않습니다.
D:\Private\Git\metalslug\metalslugportfolio\metalslug\ObjManager.cpp(356,20): warning C4018: '<': signed 또는 unsigned가 일치하지 않습니다.
D:\Private\Git\metalslug\metalslugportfolio\metalslug\ObjManager.cpp(382,21): warning C4018: '<': signed 또는 unsigned가 일치하지 않습니다.
D:\Private\Git\metalslug\metalslugportfolio\metalslug\ObjManager.cpp(391,65): warning C4805: '==': 연산에 'BOOL' 형식과 'bool' 형식을 함께 사용하는 것은 안전하지 않습니다.
D:\Private\Git\metalslug\metalslugportfolio\metalslug\ObjManager.cpp(394,37): warning C4244: '-=': 'float'에서 'LONG'(으)로 변환하면서 데이터가 손실될 수 있습니다.
D:\Private\Git\metalslug\metalslugportfolio\metalslug\ObjManager.cpp(397,37): warning C4244: '-=': 'float'에서 'LONG'(으)로 변환하면서 데이터가 손실될 수 있습니다.
D:\Private\Git\metalslug\metalslugportfolio\metalslug\ObjManager.cpp(424,20): warning C4018: '<': signed 또는 unsigned가 일치하지 않습니다.
D:\Private\Git\metalslug\metalslugportfolio\metalslug\ObjManager.cpp(430,22): warning C4018: '<': signed 또는 unsigned가 일치하지 않습니다.
D:\Private\Git\metalslug\metalslugportfolio\metalslug\ObjManager.cpp(440,22): warning C4018: '<': signed 또는 unsigned가 일치하지 않습니다.
D:\Private\Git\metalslug\metalslugportfolio\metalslug\ObjManager.cpp(453,20): warning C4018: '<': signed 또는 unsigned가 일치하지 않습니다.
D:\Private\Git\metalslug\metalslugportfolio\metalslug\ObjManager.cpp(475,21): warning C4018: '<': signed 또는 unsigned가 일치하지 않습니다.
D:\Private\Git\metalslug\metalslugportfolio\metalslug\ObjManager.cpp(477,22): warning C4018: '<': signed 또는 unsigned가 일치하지 않습니다.
D:\Private\Git\metalslug\metalslugportfolio\metalslug\ObjManager.cpp(488,21): warning C4018: '<': signed 또는 unsigned가 일치하지 않습니다.
D:\Private\Git\metalslug\metalslugportfolio\metalslug\ObjManager.cpp(490,22): warning C4018: '<': signed 또는 unsigned가 일치하지 않습니다.
  Object.cpp
D:\Private\Git\metalslug\metalslugportfolio\metalslug\Object.cpp(78,21): warning C4018: '<': signed 또는 unsigned가 일치하지 않습니다.
D:\Private\Git\metalslug\metalslugportfolio\metalslug\Object.cpp(83,22): warning C4018: '<': signed 또는 unsigned가 일치하지 않습니다.
D:\Private\Git\metalslug\metalslugportfolio\metalslug\Object.cpp(91,55): warning C4244: '+=': 'float'에서 'LONG'(으)로 변환하면서 데이터가 손실될 수 있습니다.
  ObjectImage.cpp
  Player.cpp
D:\Private\Git\metalslug\metalslugportfolio\metalslug\Player.cpp(100,59): warning C4244: '=': 'float'에서 'LONG'(으)로 변환하면서 데이터가 손실될 수 있습니다.
D:\Private\Git\metalslug\metalslugportfolio\metalslug\Player.cpp(101,59): warning C4244: '=': 'float'에서 'LONG'(으)로 변환하면서 데이터가 손실될 수 있습니다.
  PlayerNormal.cpp
  PlayerZombie.cpp
  Scene.cpp
  Score.cpp
  UI.cpp
  firstRound.cpp
  metalslug.cpp
  secondRound.cpp
  코드를 생성하고 있습니다...
D:\Private\Git\metalslug\metalslugportfolio\metalslug\Object.cpp(62): warning C4715: 'Object::IntersectRectCheck': 모든 제어 경로에서 값을 반환하지는 않습니다.
D:\Private\Git\metalslug\metalslugportfolio\metalslug\ObjManager.cpp(219): warning C4715: 'ObjManager::GetVector': 모든 제어 경로에서 값을 반환하지는 않습니다.
  metalslug.vcxproj -> D:\Private\Git\metalslug\metalslugportfolio\Debug\metalslug.exe
